# JRE version: Java(TM) SE Runtime Environment (9.0+181) (build 9+181)
# Java VM: Java HotSpot(TM) 64-Bit Server VM (9+181, mixed mode, tiered, compressed oops, g1 gc, windows-amd64)
Heap:
 garbage-first heap   total 580608K, used 448947K [0x0000000080000000, 0x00000000801011b8, 0x0000000100000000)
  region size 1024K, 245 young (250880K), 5 survivors (5120K)
 Metaspace       used 111200K, capacity 118792K, committed 120704K, reserved 1155072K
  class space    used 13780K, capacity 15088K, committed 15488K, reserved 1048576K
GC Heap History (10 events):
Event: 850.372 GC heap before
{Heap before GC invocations=81 (full 0):
 garbage-first heap   total 313344K, used 204117K [0x0000000080000000, 0x0000000080100990, 0x0000000100000000)
  region size 1024K, 15 young (15360K), 2 survivors (2048K)
 Metaspace       used 109078K, capacity 115682K, committed 118912K, reserved 1153024K
  class space    used 13528K, capacity 14707K, committed 15232K, reserved 1048576K
}
Event: 850.447 GC heap after
{Heap after GC invocations=82 (full 0):
 garbage-first heap   total 313344K, used 174080K [0x0000000080000000, 0x0000000080100990, 0x0000000100000000)
  region size 1024K, 2 young (2048K), 2 survivors (2048K)
 Metaspace       used 109078K, capacity 115682K, committed 118912K, reserved 1153024K
  class space    used 13528K, capacity 14707K, committed 15232K, reserved 1048576K
}
Event: 851.049 GC heap before
{Heap before GC invocations=82 (full 0):
 garbage-first heap   total 313344K, used 218112K [0x0000000080000000, 0x0000000080100990, 0x0000000100000000)
  region size 1024K, 41 young (41984K), 2 survivors (2048K)
 Metaspace       used 109084K, capacity 115682K, committed 118912K, reserved 1153024K
  class space    used 13528K, capacity 14707K, committed 15232K, reserved 1048576K
}
Event: 851.085 GC heap after
{Heap after GC invocations=83 (full 0):
 garbage-first heap   total 580608K, used 187904K [0x0000000080000000, 0x00000000801011b8, 0x0000000100000000)
  region size 1024K, 6 young (6144K), 6 survivors (6144K)
 Metaspace       used 109084K, capacity 115682K, committed 118912K, reserved 1153024K
  class space    used 13528K, capacity 14707K, committed 15232K, reserved 1048576K
}
Event: 880.330 GC heap before
{Heap before GC invocations=83 (full 0):
 garbage-first heap   total 580608K, used 317952K [0x0000000080000000, 0x00000000801011b8, 0x0000000100000000)
  region size 1024K, 116 young (118784K), 6 survivors (6144K)
 Metaspace       used 109242K, capacity 115840K, committed 118912K, reserved 1153024K
  class space    used 13538K, capacity 14724K, committed 15232K, reserved 1048576K
}
Event: 880.359 GC heap after
{Heap after GC invocations=84 (full 0):
 garbage-first heap   total 580608K, used 197713K [0x0000000080000000, 0x00000000801011b8, 0x0000000100000000)
  region size 1024K, 14 young (14336K), 14 survivors (14336K)
 Metaspace       used 109242K, capacity 115840K, committed 118912K, reserved 1153024K
  class space    used 13538K, capacity 14724K, committed 15232K, reserved 1048576K
}
Event: 952.734 GC heap before
{Heap before GC invocations=84 (full 0):
 garbage-first heap   total 580608K, used 374865K [0x0000000080000000, 0x00000000801011b8, 0x0000000100000000)
  region size 1024K, 167 young (171008K), 14 survivors (14336K)
 Metaspace       used 109734K, capacity 116378K, committed 118912K, reserved 1153024K
  class space    used 13580K, capacity 14773K, committed 15232K, reserved 1048576K
}
Event: 952.753 GC heap after
{Heap after GC invocations=85 (full 0):
 garbage-first heap   total 580608K, used 190996K [0x0000000080000000, 0x00000000801011b8, 0x0000000100000000)
  region size 1024K, 3 young (3072K), 3 survivors (3072K)
 Metaspace       used 109734K, capacity 116378K, committed 118912K, reserved 1153024K
  class space    used 13580K, capacity 14773K, committed 15232K, reserved 1048576K
}
Event: 2897.233 GC heap before
{Heap before GC invocations=85 (full 0):
 garbage-first heap   total 580608K, used 433684K [0x0000000080000000, 0x00000000801011b8, 0x0000000100000000)
  region size 1024K, 230 young (235520K), 3 survivors (3072K)
 Metaspace       used 110791K, capacity 118494K, committed 120704K, reserved 1155072K
  class space    used 13752K, capacity 15083K, committed 15488K, reserved 1048576K
}
Event: 2897.368 GC heap after
{Heap after GC invocations=86 (full 0):
 garbage-first heap   total 580608K, used 192947K [0x0000000080000000, 0x00000000801011b8, 0x0000000100000000)
  region size 1024K, 5 young (5120K), 5 survivors (5120K)
 Metaspace       used 110791K, capacity 118494K, committed 120704K, reserved 1155072K
  class space    used 13752K, capacity 15083K, committed 15488K, reserved 1048576K
}

